<?xml version="1.0" encoding="UTF-8"?>
<!-- Generated by org.testng.reporters.JUnitReportReporter -->
<testsuite skipped="1" hostname="User-PC" name="com.autoit.FileUpload" tests="1" failures="0" timestamp="2021-11-17T10:45:46 IST" time="0.000" errors="0">
  <testcase name="Setup" time="0.000" classname="com.autoit.FileUpload">
    <skipped/>
  </testcase> <!-- Setup -->
  <system-out/>
</testsuite> <!-- com.autoit.FileUpload -->
