<?xml version="1.0" encoding="UTF-8"?>
<!-- Generated by org.testng.reporters.JUnitReportReporter -->
<testsuite skipped="3" hostname="User-PC" name="com.jbk.PlayGround" tests="3" failures="0" timestamp="2021-11-17T10:45:46 IST" time="0.000" errors="0">
  <testcase name="linkText" time="0.000" classname="com.jbk.PlayGround">
    <skipped/>
  </testcase> <!-- linkText -->
  <system-out/>
  <testcase name="DragDrop" time="0.000" classname="com.jbk.PlayGround">
    <skipped/>
  </testcase> <!-- DragDrop -->
  <system-out/>
  <testcase name="downloadfile" time="0.000" classname="com.jbk.PlayGround">
    <skipped/>
  </testcase> <!-- downloadfile -->
  <system-out/>
</testsuite> <!-- com.jbk.PlayGround -->
