<?xml version="1.0" encoding="UTF-8"?>
<!-- Generated by org.testng.reporters.JUnitReportReporter -->
<testsuite skipped="1" hostname="User-PC" name="com.jbk.JavaScriptEx" tests="1" failures="0" timestamp="2021-11-17T10:45:46 IST" time="0.000" errors="0">
  <testcase name="test01" time="0.000" classname="com.jbk.JavaScriptEx">
    <skipped/>
  </testcase> <!-- test01 -->
  <system-out/>
</testsuite> <!-- com.jbk.JavaScriptEx -->
